<?xml version="1.0" encoding="UTF-8"?>
<!-- Generated by org.testng.reporters.JUnitReportReporter -->
<testsuite hostname="Fi-Sathish-D" failures="0" tests="35" name="Regression_Testing.GetAPI" time="15.509" errors="0" timestamp="2023-05-02T10:00:28 IST" skipped="0">
  <testcase classname="Regression_Testing.GetAPI" name="Announcements" time="2.628"/>
  <system-out/>
  <testcase classname="Regression_Testing.GetAPI" name="Dashboard_portfolio_Allocation_category" time="0.310"/>
  <system-out/>
  <testcase classname="Regression_Testing.GetAPI" name="Select_Funds" time="0.424"/>
  <system-out/>
  <testcase classname="Regression_Testing.GetAPI" name="Dashboard_portfolio_Allocation_credit" time="0.362"/>
  <system-out/>
  <testcase classname="Regression_Testing.GetAPI" name="product_search_mf_form" time="0.333"/>
  <system-out/>
  <testcase classname="Regression_Testing.GetAPI" name="ProductSearch_MF_Form" time="0.623"/>
  <system-out/>
  <testcase classname="Regression_Testing.GetAPI" name="Super_Savings" time="0.331"/>
  <system-out/>
  <testcase classname="Regression_Testing.GetAPI" name="User_Profile" time="0.303"/>
  <system-out/>
  <testcase classname="Regression_Testing.GetAPI" name="Dashboard_portfolio_Allocation_fi_style" time="0.289"/>
  <system-out/>
  <testcase classname="Regression_Testing.GetAPI" name="Dashboard_portfolio_Allocation_Asset_All" time="0.342"/>
  <system-out/>
  <testcase classname="Regression_Testing.GetAPI" name="Holding_Profile" time="0.333"/>
  <system-out/>
  <testcase classname="Regression_Testing.GetAPI" name="Investor_Goal" time="0.316"/>
  <system-out/>
  <testcase classname="Regression_Testing.GetAPI" name="Feature" time="0.269"/>
  <system-out/>
  <testcase classname="Regression_Testing.GetAPI" name="lookup" time="0.319"/>
  <system-out/>
  <testcase classname="Regression_Testing.GetAPI" name="Investor_Goals" time="0.299"/>
  <system-out/>
  <testcase classname="Regression_Testing.GetAPI" name="NFO_Search" time="1.112"/>
  <system-out/>
  <testcase classname="Regression_Testing.GetAPI" name="Recent_Transactions" time="0.264"/>
  <system-out/>
  <testcase classname="Regression_Testing.GetAPI" name="Pending_Payments" time="0.327"/>
  <system-out/>
  <testcase classname="Regression_Testing.GetAPI" name="Triggers" time="0.313"/>
  <system-out/>
  <testcase classname="Regression_Testing.GetAPI" name="Get_Existing_Nominee_MF" time="0.443"/>
  <system-out/>
  <testcase classname="Regression_Testing.GetAPI" name="Transactions_Authorization" time="0.272"/>
  <system-out/>
  <testcase classname="Regression_Testing.GetAPI" name="SWP" time="0.307"/>
  <system-out/>
  <testcase classname="Regression_Testing.GetAPI" name="Folio_Banklist" time="0.294"/>
  <system-out/>
  <testcase classname="Regression_Testing.GetAPI" name="Invested_Schemes" time="0.337"/>
  <system-out/>
  <testcase classname="Regression_Testing.GetAPI" name="Get_Equity_GetNominee" time="0.331"/>
  <system-out/>
  <testcase classname="Regression_Testing.GetAPI" name="Dashboard_Portfolio" time="0.446"/>
  <system-out/>
  <testcase classname="Regression_Testing.GetAPI" name="Systematic_plan" time="0.726"/>
  <system-out/>
  <testcase classname="Regression_Testing.GetAPI" name="STP" time="0.256"/>
  <system-out/>
  <testcase classname="Regression_Testing.GetAPI" name="Current_SIPS" time="0.721"/>
  <system-out/>
  <testcase classname="Regression_Testing.GetAPI" name="Investor_Mandates" time="0.360"/>
  <system-out/>
  <testcase classname="Regression_Testing.GetAPI" name="Contact_Info" time="0.298"/>
  <system-out/>
  <testcase classname="Regression_Testing.GetAPI" name="Dashboard" time="0.317"/>
  <system-out/>
  <testcase classname="Regression_Testing.GetAPI" name="Scheme_info" time="0.298"/>
  <system-out/>
  <testcase classname="Regression_Testing.GetAPI" name="Power_STPs" time="0.309"/>
  <system-out/>
  <testcase classname="Regression_Testing.GetAPI" name="New_Nominee_Declaration" time="0.297"/>
  <system-out/>
</testsuite> <!-- Regression_Testing.GetAPI -->
