<?xml version="1.0" encoding="UTF-8"?>
<!-- Generated by org.testng.reporters.JUnitReportReporter -->
<testsuite hostname="Fi-Sathish-D" failures="0" tests="16" name="Regression_Testing.STP_STPEdit" time="6.145" errors="0" timestamp="2023-05-08T16:53:44 IST" skipped="0">
  <testcase classname="Regression_Testing.STP_STPEdit" name="HoldingProfile_API" time="0.222"/>
  <system-out/>
  <testcase classname="Regression_Testing.STP_STPEdit" name="InvestedSchem_API" time="0.202"/>
  <system-out/>
  <testcase classname="Regression_Testing.STP_STPEdit" name="product_search_mf_form" time="0.191"/>
  <system-out/>
  <testcase classname="Regression_Testing.STP_STPEdit" name="TargetScheme_Search" time="0.219"/>
  <system-out/>
  <testcase classname="Regression_Testing.STP_STPEdit" name="Installment_dates" time="0.161"/>
  <system-out/>
  <testcase classname="Regression_Testing.STP_STPEdit" name="Common_OTP" time="0.725"/>
  <system-out/>
  <testcase classname="Regression_Testing.STP_STPEdit" name="DB_Connection" time="0.297"/>
  <system-out/>
  <testcase classname="Regression_Testing.STP_STPEdit" name="Verify_OTP" time="0.186"/>
  <system-out/>
  <testcase classname="Regression_Testing.STP_STPEdit" name="STP_API" time="0.805"/>
  <system-out/>
  <testcase classname="Regression_Testing.STP_STPEdit" name="Current_STP" time="0.183"/>
  <system-out/>
  <testcase classname="Regression_Testing.STP_STPEdit" name="Edit_Installment_Date" time="0.162"/>
  <system-out/>
  <testcase classname="Regression_Testing.STP_STPEdit" name="Edit_Common_OTP" time="0.705"/>
  <system-out/>
  <testcase classname="Regression_Testing.STP_STPEdit" name="Edit_DB_Connection" time="0.314"/>
  <system-out/>
  <testcase classname="Regression_Testing.STP_STPEdit" name="Edit_Verify_OTP" time="0.185"/>
  <system-out/>
  <testcase classname="Regression_Testing.STP_STPEdit" name="STP_Edit" time="0.720"/>
  <system-out/>
  <testcase classname="Regression_Testing.STP_STPEdit" name="STP_Cancel" time="0.868"/>
  <system-out/>
</testsuite> <!-- Regression_Testing.STP_STPEdit -->
