<?xml version="1.0" encoding="UTF-8"?>
<!-- Generated by org.testng.reporters.JUnitReportReporter -->
<testsuite hostname="Fi-Sathish-D" failures="0" tests="8" name="Regression_Testing.InvestMore" time="2.257" errors="0" timestamp="2023-05-08T16:53:44 IST" skipped="0">
  <testcase classname="Regression_Testing.InvestMore" name="Holding_Profile" time="0.188"/>
  <system-out/>
  <testcase classname="Regression_Testing.InvestMore" name="InvestedSchem_API" time="0.234"/>
  <system-out/>
  <testcase classname="Regression_Testing.InvestMore" name="Investor_Cart" time="0.200"/>
  <system-out/>
  <testcase classname="Regression_Testing.InvestMore" name="Folio_Group_ID" time="0.254"/>
  <system-out/>
  <testcase classname="Regression_Testing.InvestMore" name="Common_Otp" time="0.683"/>
  <system-out/>
  <testcase classname="Regression_Testing.InvestMore" name="DB_Connection" time="0.301"/>
  <system-out/>
  <testcase classname="Regression_Testing.InvestMore" name="OTP_Verify" time="0.192"/>
  <system-out/>
  <testcase classname="Regression_Testing.InvestMore" name="Buy_Cart" time="0.205"/>
  <system-out/>
</testsuite> <!-- Regression_Testing.InvestMore -->
