<?xml version="1.0" encoding="UTF-8"?>
<!-- Generated by org.testng.reporters.JUnitReportReporter -->
<testsuite hostname="Fi-Sathish-D" failures="0" tests="35" name="Regression_Testing.GetAPI" time="7.217" errors="0" timestamp="2023-05-08T16:53:44 IST" skipped="0">
  <testcase classname="Regression_Testing.GetAPI" name="Super_Savings" time="0.193"/>
  <system-out/>
  <testcase classname="Regression_Testing.GetAPI" name="User_Profile" time="0.185"/>
  <system-out/>
  <testcase classname="Regression_Testing.GetAPI" name="ProductSearch_MF_Form" time="0.245"/>
  <system-out/>
  <testcase classname="Regression_Testing.GetAPI" name="Dashboard_portfolio_Allocation_fi_style" time="0.186"/>
  <system-out/>
  <testcase classname="Regression_Testing.GetAPI" name="Holding_Profile" time="0.229"/>
  <system-out/>
  <testcase classname="Regression_Testing.GetAPI" name="Dashboard_portfolio_Allocation_Asset_All" time="0.168"/>
  <system-out/>
  <testcase classname="Regression_Testing.GetAPI" name="Investor_Goals" time="0.186"/>
  <system-out/>
  <testcase classname="Regression_Testing.GetAPI" name="Announcements" time="0.349"/>
  <system-out/>
  <testcase classname="Regression_Testing.GetAPI" name="product_search_mf_form" time="0.180"/>
  <system-out/>
  <testcase classname="Regression_Testing.GetAPI" name="Dashboard_portfolio_Allocation_category" time="0.172"/>
  <system-out/>
  <testcase classname="Regression_Testing.GetAPI" name="Feature" time="0.174"/>
  <system-out/>
  <testcase classname="Regression_Testing.GetAPI" name="Select_Funds" time="0.222"/>
  <system-out/>
  <testcase classname="Regression_Testing.GetAPI" name="Dashboard_portfolio_Allocation_credit" time="0.178"/>
  <system-out/>
  <testcase classname="Regression_Testing.GetAPI" name="lookup" time="0.164"/>
  <system-out/>
  <testcase classname="Regression_Testing.GetAPI" name="NFO_Search" time="0.238"/>
  <system-out/>
  <testcase classname="Regression_Testing.GetAPI" name="Investor_Goal" time="0.259"/>
  <system-out/>
  <testcase classname="Regression_Testing.GetAPI" name="Systematic_plan" time="0.358"/>
  <system-out/>
  <testcase classname="Regression_Testing.GetAPI" name="Current_SIPS" time="0.425"/>
  <system-out/>
  <testcase classname="Regression_Testing.GetAPI" name="Scheme_info" time="0.242"/>
  <system-out/>
  <testcase classname="Regression_Testing.GetAPI" name="Folio_Banklist" time="0.170"/>
  <system-out/>
  <testcase classname="Regression_Testing.GetAPI" name="Dashboard_Portfolio" time="0.247"/>
  <system-out/>
  <testcase classname="Regression_Testing.GetAPI" name="Contact_Info" time="0.207"/>
  <system-out/>
  <testcase classname="Regression_Testing.GetAPI" name="Get_Existing_Nominee_MF" time="0.167"/>
  <system-out/>
  <testcase classname="Regression_Testing.GetAPI" name="Power_STPs" time="0.180"/>
  <system-out/>
  <testcase classname="Regression_Testing.GetAPI" name="Dashboard" time="0.164"/>
  <system-out/>
  <testcase classname="Regression_Testing.GetAPI" name="Get_Equity_GetNominee" time="0.199"/>
  <system-out/>
  <testcase classname="Regression_Testing.GetAPI" name="SWP" time="0.155"/>
  <system-out/>
  <testcase classname="Regression_Testing.GetAPI" name="Triggers" time="0.148"/>
  <system-out/>
  <testcase classname="Regression_Testing.GetAPI" name="Pending_Payments" time="0.206"/>
  <system-out/>
  <testcase classname="Regression_Testing.GetAPI" name="Recent_Transactions" time="0.165"/>
  <system-out/>
  <testcase classname="Regression_Testing.GetAPI" name="Transactions_Authorization" time="0.161"/>
  <system-out/>
  <testcase classname="Regression_Testing.GetAPI" name="Invested_Schemes" time="0.193"/>
  <system-out/>
  <testcase classname="Regression_Testing.GetAPI" name="Investor_Mandates" time="0.179"/>
  <system-out/>
  <testcase classname="Regression_Testing.GetAPI" name="New_Nominee_Declaration" time="0.140"/>
  <system-out/>
  <testcase classname="Regression_Testing.GetAPI" name="STP" time="0.183"/>
  <system-out/>
</testsuite> <!-- Regression_Testing.GetAPI -->
