<?xml version="1.0" encoding="UTF-8"?>
<!-- Generated by org.testng.reporters.JUnitReportReporter -->
<testsuite hostname="Fi-Sathish-D" failures="0" tests="15" name="Regression_Testing.SWP_SWPEdit" time="5.092" errors="0" timestamp="2023-05-08T16:53:44 IST" skipped="0">
  <testcase classname="Regression_Testing.SWP_SWPEdit" name="HoldingProfile_API" time="0.197"/>
  <system-out/>
  <testcase classname="Regression_Testing.SWP_SWPEdit" name="InvestedSchem_API" time="0.199"/>
  <system-out/>
  <testcase classname="Regression_Testing.SWP_SWPEdit" name="product_search_mf_form" time="0.199"/>
  <system-out/>
  <testcase classname="Regression_Testing.SWP_SWPEdit" name="Installment_dates" time="0.178"/>
  <system-out/>
  <testcase classname="Regression_Testing.SWP_SWPEdit" name="Common_OTP" time="0.756"/>
  <system-out/>
  <testcase classname="Regression_Testing.SWP_SWPEdit" name="DB_Connection" time="0.294"/>
  <system-out/>
  <testcase classname="Regression_Testing.SWP_SWPEdit" name="Verify_OTP" time="0.166"/>
  <system-out/>
  <testcase classname="Regression_Testing.SWP_SWPEdit" name="SWP_API" time="0.177"/>
  <system-out/>
  <testcase classname="Regression_Testing.SWP_SWPEdit" name="Installment_dates_Edit" time="0.174"/>
  <system-out/>
  <testcase classname="Regression_Testing.SWP_SWPEdit" name="Common_OTP_Edit" time="0.692"/>
  <system-out/>
  <testcase classname="Regression_Testing.SWP_SWPEdit" name="DB_Connection_Edit" time="0.294"/>
  <system-out/>
  <testcase classname="Regression_Testing.SWP_SWPEdit" name="Verify_OTP_Edit" time="0.177"/>
  <system-out/>
  <testcase classname="Regression_Testing.SWP_SWPEdit" name="SWP_Edit" time="0.713"/>
  <system-out/>
  <testcase classname="Regression_Testing.SWP_SWPEdit" name="Current_SWP" time="0.192"/>
  <system-out/>
  <testcase classname="Regression_Testing.SWP_SWPEdit" name="SWP_Cancel" time="0.684"/>
  <system-out/>
</testsuite> <!-- Regression_Testing.SWP_SWPEdit -->
