<?xml version="1.0" encoding="UTF-8"?>
<!-- Generated by org.testng.reporters.JUnitReportReporter -->
<testsuite hostname="Fi-Sathish-D" failures="0" tests="10" name="Regression_Testing.Switch" time="3.130" errors="0" timestamp="2023-05-08T16:53:44 IST" skipped="0">
  <testcase classname="Regression_Testing.Switch" name="HoldingProfile_API" time="0.195"/>
  <system-out/>
  <testcase classname="Regression_Testing.Switch" name="InvestedSchem_API" time="0.200"/>
  <system-out/>
  <testcase classname="Regression_Testing.Switch" name="product_search_mf_form" time="0.200"/>
  <system-out/>
  <testcase classname="Regression_Testing.Switch" name="TargetScheme_Search" time="0.212"/>
  <system-out/>
  <testcase classname="Regression_Testing.Switch" name="Common_OTP" time="0.742"/>
  <system-out/>
  <testcase classname="Regression_Testing.Switch" name="DB_Connection" time="0.305"/>
  <system-out/>
  <testcase classname="Regression_Testing.Switch" name="Verify_OTP" time="0.199"/>
  <system-out/>
  <testcase classname="Regression_Testing.Switch" name="Switch_API" time="0.700"/>
  <system-out/>
  <testcase classname="Regression_Testing.Switch" name="Recent_Transaction" time="0.197"/>
  <system-out/>
  <testcase classname="Regression_Testing.Switch" name="Delete_API" time="0.180"/>
  <system-out/>
</testsuite> <!-- Regression_Testing.Switch -->
