<?xml version="1.0" encoding="UTF-8"?>
<!-- Generated by org.testng.reporters.JUnitReportReporter -->
<testsuite hostname="Fi-Sathish-D" failures="0" tests="9" name="Regression_Testing.Redemption" time="3.408" errors="0" timestamp="2023-05-08T16:53:44 IST" skipped="0">
  <testcase classname="Regression_Testing.Redemption" name="Questinoari_API" time="0.696"/>
  <system-out/>
  <testcase classname="Regression_Testing.Redemption" name="HoldingProfile_API" time="0.204"/>
  <system-out/>
  <testcase classname="Regression_Testing.Redemption" name="InvestedSchem_API" time="0.197"/>
  <system-out/>
  <testcase classname="Regression_Testing.Redemption" name="Common_OTP" time="0.724"/>
  <system-out/>
  <testcase classname="Regression_Testing.Redemption" name="DB_Connection" time="0.312"/>
  <system-out/>
  <testcase classname="Regression_Testing.Redemption" name="Verify_OTP" time="0.184"/>
  <system-out/>
  <testcase classname="Regression_Testing.Redemption" name="Redeem_API" time="0.751"/>
  <system-out/>
  <testcase classname="Regression_Testing.Redemption" name="Recent_Transaction" time="0.171"/>
  <system-out/>
  <testcase classname="Regression_Testing.Redemption" name="Delete_API" time="0.169"/>
  <system-out/>
</testsuite> <!-- Regression_Testing.Redemption -->
